生成启动时间为 2019/3/10 10:37:11。
     1>项目“E:\VisualProjects\Chapter04_01\Chapter04_01\Chapter04_01.vcxproj”在节点 2 上(Build 个目标)。
     1>ClCompile:
         D:\Microsoft Visual Studio 12.0\VC\bin\CL.exe /c /ZI /nologo /W3 /WX- /sdl /Od /Oy- /D WIN32 /D _DEBUG /D _CONSOLE /D _LIB /D _UNICODE /D UNICODE /Gm /EHsc /RTC1 /MDd /GS /fp:precise /Zc:wchar_t /Zc:forScope /Yu"stdafx.h" /Fp"Debug\Chapter04_01.pch" /Fo"Debug\\" /Fd"Debug\vc120.pdb" /Gd /TP /analyze- /errorReport:prompt CLib.cpp
         CLib.cpp
     1>e:\visualprojects\chapter04_01\chapter04_01\clib.cpp(1): warning C4627: “#include "CLib.h"”:  在查找预编译头使用时跳过
                 将指令添加到“stdafx.h”或重新生成预编译头
     1>e:\visualprojects\chapter04_01\chapter04_01\clib.cpp(9): error C2065: “CStash”: 未声明的标识符
     1>e:\visualprojects\chapter04_01\chapter04_01\clib.cpp(9): error C2065: “s”: 未声明的标识符
     1>e:\visualprojects\chapter04_01\chapter04_01\clib.cpp(9): error C2062: 意外的类型“int”
     1>e:\visualprojects\chapter04_01\chapter04_01\clib.cpp(9): error C2143: 语法错误 : 缺少“;”(在“{”的前面)
     1>e:\visualprojects\chapter04_01\chapter04_01\clib.cpp(9): error C2447: “{”: 缺少函数标题(是否是老式的形式表?)
     1>e:\visualprojects\chapter04_01\chapter04_01\clib.cpp(16): error C2065: “CStash”: 未声明的标识符
     1>e:\visualprojects\chapter04_01\chapter04_01\clib.cpp(16): error C2065: “s”: 未声明的标识符
     1>e:\visualprojects\chapter04_01\chapter04_01\clib.cpp(16): error C2059: 语法错误:“const”
     1>e:\visualprojects\chapter04_01\chapter04_01\clib.cpp(16): error C2143: 语法错误 : 缺少“;”(在“{”的前面)
     1>e:\visualprojects\chapter04_01\chapter04_01\clib.cpp(16): error C2447: “{”: 缺少函数标题(是否是老式的形式表?)
     1>e:\visualprojects\chapter04_01\chapter04_01\clib.cpp(21): error C2065: “CStash”: 未声明的标识符
     1>e:\visualprojects\chapter04_01\chapter04_01\clib.cpp(21): error C2065: “s”: 未声明的标识符
     1>e:\visualprojects\chapter04_01\chapter04_01\clib.cpp(21): error C2448: “cleanup”: 函数样式初始值设定项类似函数定义
     1>e:\visualprojects\chapter04_01\chapter04_01\clib.cpp(27): error C2065: “CStash”: 未声明的标识符
     1>e:\visualprojects\chapter04_01\chapter04_01\clib.cpp(27): error C2065: “s”: 未声明的标识符
     1>e:\visualprojects\chapter04_01\chapter04_01\clib.cpp(27): error C2062: 意外的类型“int”
     1>e:\visualprojects\chapter04_01\chapter04_01\clib.cpp(27): error C2143: 语法错误 : 缺少“;”(在“{”的前面)
     1>e:\visualprojects\chapter04_01\chapter04_01\clib.cpp(27): error C2447: “{”: 缺少函数标题(是否是老式的形式表?)
     1>e:\visualprojects\chapter04_01\chapter04_01\clib.cpp(30): error C2065: “CStash”: 未声明的标识符
     1>e:\visualprojects\chapter04_01\chapter04_01\clib.cpp(30): error C2065: “s”: 未声明的标识符
     1>e:\visualprojects\chapter04_01\chapter04_01\clib.cpp(30): error C2448: “count”: 函数样式初始值设定项类似函数定义
     1>e:\visualprojects\chapter04_01\chapter04_01\clib.cpp(34): error C2065: “CStash”: 未声明的标识符
     1>e:\visualprojects\chapter04_01\chapter04_01\clib.cpp(34): error C2065: “s”: 未声明的标识符
     1>e:\visualprojects\chapter04_01\chapter04_01\clib.cpp(34): error C2062: 意外的类型“int”
     1>e:\visualprojects\chapter04_01\chapter04_01\clib.cpp(34): error C2143: 语法错误 : 缺少“;”(在“{”的前面)
     1>e:\visualprojects\chapter04_01\chapter04_01\clib.cpp(34): error C2447: “{”: 缺少函数标题(是否是老式的形式表?)
     1>已完成生成项目“E:\VisualProjects\Chapter04_01\Chapter04_01\Chapter04_01.vcxproj”(Build 个目标)的操作 - 失败。

生成失败。

已用时间 00:00:00.90
